{
  "RSpec": {
    "coverage": {
      "/Users/lighthouse/Documents/pos_app/pos_web_app/app/models/user.rb": [
        1,
        null,
        null,
        1,
        null,
        31,
        null
      ],
      "/Users/lighthouse/Documents/pos_app/pos_web_app/app/models/application_record.rb": [
        1,
        1,
        null
      ],
      "/Users/lighthouse/Documents/pos_app/pos_web_app/app/helpers/application_helper.rb": [
        1,
        null
      ],
      "/Users/lighthouse/Documents/pos_app/pos_web_app/app/controllers/charges_controller.rb": [
        1,
        1,
        1,
        1,
        null,
        1,
        null,
        null,
        1,
        0,
        0,
        0,
        null,
        0,
        null,
        0,
        0,
        null,
        null,
        1,
        null,
        1,
        0,
        0,
        null,
        null,
        null,
        1,
        1,
        null,
        null,
        1,
        0,
        null,
        null,
        1,
        2,
        null,
        null,
        1,
        2,
        null,
        null,
        null
      ],
      "/Users/lighthouse/Documents/pos_app/pos_web_app/app/controllers/application_controller.rb": [
        1,
        1,
        1,
        1,
        1,
        null,
        1,
        null,
        1,
        107,
        null,
        null,
        1,
        15,
        null,
        null,
        1,
        5,
        null,
        0,
        4,
        null,
        null,
        null
      ],
      "/Users/lighthouse/Documents/pos_app/pos_web_app/app/controllers/dashboard_controller.rb": [
        1,
        1,
        null,
        null,
        null
      ],
      "/Users/lighthouse/Documents/pos_app/pos_web_app/app/controllers/import_export_controller.rb": [
        1,
        1,
        null,
        1,
        1,
        1,
        1,
        null,
        null,
        1,
        1,
        2,
        null,
        null,
        null,
        1,
        null,
        1,
        1,
        null,
        null
      ],
      "/Users/lighthouse/Documents/pos_app/pos_web_app/app/controllers/transaction_controller.rb": [
        1,
        null,
        1,
        4,
        3,
        null,
        8,
        null,
        4,
        null,
        null,
        null
      ],
      "/Users/lighthouse/Documents/pos_app/pos_web_app/app/controllers/users_controller.rb": [
        1,
        1,
        null,
        null,
        null
      ],
      "/Users/lighthouse/Documents/pos_app/pos_web_app/app/models/card.rb": [
        1,
        1,
        1,
        null,
        1,
        null,
        1,
        3,
        null,
        null,
        1,
        130,
        null,
        null,
        1,
        4,
        4,
        null,
        null,
        1,
        3,
        3,
        null,
        null,
        1,
        null,
        1,
        7,
        null,
        null
      ],
      "/Users/lighthouse/Documents/pos_app/pos_web_app/app/models/charge_master.rb": [
        1,
        1,
        3,
        3,
        3,
        3,
        3,
        null,
        null,
        1,
        null,
        0,
        null,
        null,
        1,
        null,
        1,
        null,
        1,
        null,
        null,
        null
      ],
      "/Users/lighthouse/Documents/pos_app/pos_web_app/app/models/inventory_card.rb": [
        1,
        1,
        1,
        null
      ],
      "/Users/lighthouse/Documents/pos_app/pos_web_app/app/models/inventory.rb": [
        1,
        1,
        1,
        1,
        null,
        1,
        null,
        1,
        2,
        2,
        2,
        null,
        2,
        null,
        null,
        null,
        1,
        null,
        null,
        null,
        null,
        1,
        21,
        null,
        null,
        1,
        7,
        7,
        7,
        7,
        null,
        null,
        1,
        5,
        null,
        null,
        1,
        6,
        6,
        null,
        null,
        1,
        1,
        1,
        1,
        1,
        1,
        1,
        null,
        null,
        1,
        null,
        1,
        7,
        7,
        7,
        null,
        null
      ],
      "/Users/lighthouse/Documents/pos_app/pos_web_app/app/presenters/card_presenter.rb": [
        1,
        1,
        9,
        null,
        null,
        1,
        9,
        null,
        null,
        1,
        1,
        null,
        null,
        1,
        1,
        null,
        null
      ],
      "/Users/lighthouse/Documents/pos_app/pos_web_app/app/services/master_service.rb": [
        1,
        1,
        null,
        1,
        9,
        null,
        null,
        1,
        null,
        8,
        8,
        8,
        8,
        8,
        null,
        null
      ],
      "/Users/lighthouse/Documents/pos_app/pos_web_app/app/services/tcg_player_service.rb": [
        1,
        null,
        1,
        8,
        null,
        null,
        1,
        8,
        null,
        null
      ],
      "/Users/lighthouse/Documents/pos_app/pos_web_app/app/models/importer.rb": [
        1,
        null,
        1,
        1,
        null,
        1,
        1,
        1,
        1,
        1,
        1,
        null,
        null,
        1,
        1,
        9,
        9,
        9,
        9,
        null,
        0,
        0,
        0,
        null,
        null,
        null
      ],
      "/Users/lighthouse/Documents/pos_app/pos_web_app/app/controllers/registrations_controller.rb": [
        1,
        1,
        null,
        1,
        4,
        null,
        null
      ],
      "/Users/lighthouse/Documents/pos_app/pos_web_app/app/controllers/session_controller.rb": [
        1,
        1,
        null,
        1,
        null,
        1,
        16,
        null,
        null
      ],
      "/Users/lighthouse/Documents/pos_app/pos_web_app/app/controllers/cards_controller.rb": [
        1,
        1,
        1,
        null,
        1,
        null,
        null,
        1,
        5,
        null,
        null,
        1,
        null,
        1,
        5,
        null,
        null,
        1,
        6,
        null,
        null,
        1,
        6,
        null,
        null
      ],
      "/Users/lighthouse/Documents/pos_app/pos_web_app/app/controllers/inventories_controller.rb": [
        1,
        1,
        1,
        null,
        1,
        6,
        null,
        null,
        1,
        3,
        null,
        null,
        1,
        null,
        null,
        1,
        1,
        null,
        1,
        null,
        null,
        1,
        1,
        1,
        1,
        null,
        1,
        null,
        null,
        1,
        null,
        1,
        1,
        null,
        null,
        1,
        1,
        null,
        null
      ],
      "/Users/lighthouse/Documents/pos_app/pos_web_app/app/presenters/inventory_presenter.rb": [
        1,
        1,
        3,
        null,
        null,
        1,
        3,
        null,
        null,
        1,
        3,
        null,
        null,
        1,
        3,
        null,
        null
      ],
      "/Users/lighthouse/Documents/pos_app/pos_web_app/app/jobs/application_job.rb": [
        0,
        0
      ],
      "/Users/lighthouse/Documents/pos_app/pos_web_app/app/channels/application_cable/connection.rb": [
        0,
        0,
        0,
        0
      ]
    },
    "timestamp": 1528310209
  }
}
